{
  "RSpec": {
    "coverage": {
      "/Users/mkaba/study/rails-new/app/models/user.rb": [
        null,
        null,
        null,
        null,
        null,
        null,
        null,
        null,
        null,
        null,
        null,
        null,
        null,
        null,
        null,
        null,
        null,
        null,
        null,
        null,
        null,
        null,
        1,
        1,
        null,
        null,
        null,
        1,
        null,
        null,
        null,
        1,
        1,
        null,
        1,
        null,
        1,
        1,
        1,
        null,
        1,
        null,
        null,
        null,
        null,
        3,
        null,
        1,
        null
      ],
      "/Users/mkaba/study/rails-new/app/models/application_record.rb": [
        1,
        1,
        null,
        1,
        1,
        null,
        null,
        1,
        1,
        null,
        null,
        null
      ],
      "/Users/mkaba/study/rails-new/app/uploaders/avatar_uploader.rb": [
        1,
        1,
        null,
        1,
        null,
        1,
        null,
        1,
        0,
        null,
        null
      ],
      "/Users/mkaba/study/rails-new/app/helpers/account_helper.rb": [
        1,
        null
      ],
      "/Users/mkaba/study/rails-new/app/helpers/account/users_helper.rb": [
        1,
        null
      ],
      "/Users/mkaba/study/rails-new/app/helpers/admin/users_helper.rb": [
        1,
        null
      ],
      "/Users/mkaba/study/rails-new/app/helpers/application_helper.rb": [
        1,
        null
      ],
      "/Users/mkaba/study/rails-new/app/helpers/home_helper.rb": [
        1,
        null
      ],
      "/Users/mkaba/study/rails-new/app/helpers/posts_helper.rb": [
        1,
        null
      ],
      "/Users/mkaba/study/rails-new/app/controllers/account/comments/comments_controller.rb": [
        1,
        1,
        null,
        1,
        1,
        6,
        null,
        null,
        null
      ],
      "/Users/mkaba/study/rails-new/app/controllers/comments_controller.rb": [
        1,
        null,
        1,
        2,
        2,
        4,
        null,
        null,
        null,
        1,
        1,
        1,
        2,
        null,
        null,
        null,
        1,
        1,
        1,
        1,
        1,
        2,
        null,
        null,
        null,
        null,
        1,
        2,
        2,
        4,
        null,
        null,
        null,
        1,
        2,
        2,
        2,
        4,
        null,
        null,
        null,
        null,
        1,
        2,
        2,
        2,
        4,
        null,
        null,
        null,
        1,
        null,
        1,
        4,
        null,
        null,
        1,
        6,
        null,
        null
      ],
      "/Users/mkaba/study/rails-new/app/controllers/application_controller.rb": [
        1,
        1,
        null,
        1,
        null,
        1,
        null,
        1,
        0,
        0,
        0,
        null,
        null,
        1,
        5,
        null,
        0,
        null,
        null
      ],
      "/Users/mkaba/study/rails-new/app/controllers/account/posts/comments_controller.rb": [
        1,
        1,
        null,
        1,
        1,
        null,
        1,
        2,
        null,
        null,
        null,
        1,
        1,
        1,
        1,
        null,
        1,
        1,
        2,
        null,
        null,
        null,
        null,
        1,
        null,
        1,
        6,
        null,
        null,
        null
      ],
      "/Users/mkaba/study/rails-new/app/controllers/account/posts_controller.rb": [
        1,
        1,
        null,
        1,
        1,
        null,
        null,
        1,
        1,
        1,
        1,
        null,
        null,
        1,
        1,
        1,
        2,
        null,
        null,
        null,
        1,
        1,
        1,
        1,
        null,
        null,
        null,
        1,
        1,
        1,
        1,
        2,
        null,
        null,
        0,
        null,
        null,
        null,
        null,
        1,
        1,
        1,
        1,
        1,
        1,
        1,
        0,
        null,
        2,
        null,
        null,
        null,
        1,
        1,
        1,
        1,
        null,
        1,
        2,
        null,
        null,
        null,
        1,
        null,
        1,
        1,
        null,
        null,
        1,
        1,
        null,
        null,
        1,
        7,
        null,
        null,
        1,
        5,
        null,
        null
      ],
      "/Users/mkaba/study/rails-new/app/controllers/account/users/sessions_controller.rb": [
        1,
        1,
        0,
        null,
        0,
        0,
        null,
        null,
        null
      ],
      "/Users/mkaba/study/rails-new/app/controllers/account/users_controller.rb": [
        1,
        1,
        1,
        null,
        null,
        1,
        1,
        1,
        1,
        null,
        null,
        1,
        null,
        1,
        0,
        null,
        null,
        1,
        2,
        null,
        null,
        1,
        1,
        null,
        null,
        null
      ],
      "/Users/mkaba/study/rails-new/app/controllers/account_controller.rb": [
        1,
        1,
        null
      ],
      "/Users/mkaba/study/rails-new/app/controllers/admin/users_controller.rb": [
        1,
        1,
        1,
        null,
        null,
        1,
        1,
        null,
        null,
        1,
        1,
        null,
        null,
        1,
        1,
        1,
        1,
        null,
        0,
        null,
        null,
        null,
        1,
        1,
        1,
        1,
        null,
        null,
        1,
        null,
        1,
        1,
        null,
        1,
        1,
        null,
        null,
        1,
        null,
        null,
        1,
        5,
        null,
        null,
        1,
        4,
        null,
        null
      ],
      "/Users/mkaba/study/rails-new/app/controllers/admin_controller.rb": [
        1,
        1,
        1,
        null
      ],
      "/Users/mkaba/study/rails-new/app/controllers/home_controller.rb": [
        1,
        1,
        2,
        null,
        null
      ],
      "/Users/mkaba/study/rails-new/app/models/comment.rb": [
        null,
        null,
        null,
        null,
        null,
        null,
        null,
        null,
        null,
        null,
        null,
        null,
        null,
        1,
        1,
        1,
        1,
        null,
        10,
        null,
        1,
        null
      ],
      "/Users/mkaba/study/rails-new/app/models/post.rb": [
        null,
        null,
        null,
        null,
        null,
        null,
        null,
        null,
        null,
        null,
        null,
        null,
        null,
        null,
        1,
        1,
        1,
        1,
        null,
        9,
        null,
        1,
        null,
        1,
        null,
        1,
        1,
        null,
        null
      ],
      "/Users/mkaba/study/rails-new/app/uploaders/picture_uploader.rb": [
        1,
        1,
        null,
        1,
        null,
        1,
        null,
        1,
        23,
        null,
        null
      ],
      "/Users/mkaba/study/rails-new/app/models/like.rb": [
        null,
        null,
        null,
        null,
        null,
        null,
        null,
        null,
        null,
        null,
        null,
        null,
        1,
        null
      ],
      "/Users/mkaba/study/rails-new/app/channels/application_cable/channel.rb": [
        0,
        0,
        0,
        0
      ],
      "/Users/mkaba/study/rails-new/app/channels/application_cable/connection.rb": [
        0,
        0,
        0,
        0
      ],
      "/Users/mkaba/study/rails-new/app/jobs/application_job.rb": [
        0,
        0
      ],
      "/Users/mkaba/study/rails-new/app/mailers/application_mailer.rb": [
        0,
        0,
        0,
        0
      ]
    },
    "timestamp": 1509351779
  }
}
